Log file open, 06/04/19 17:04:01
LogWindows: Failed to load 'aqProf.dll' (GetLastError=126)
LogWindows: File 'aqProf.dll' does not exist
LogWindows: Failed to load 'VtuneApi.dll' (GetLastError=126)
LogWindows: File 'VtuneApi.dll' does not exist
LogWindows: Failed to load 'VtuneApi32e.dll' (GetLastError=126)
LogWindows: File 'VtuneApi32e.dll' does not exist
LogConsoleResponse: Display: Failed to find resolution value strings in scalability ini. Falling back to default.
LogInit: Display: Running engine for game: AssetPipeline2019
LogPakFile: Registered encryption key '00000000000000000000000000000000': 0 pak files mounted, 0 remain pending
LogPlatformFile: Not using cached read wrapper
LogTaskGraph: Started task graph with 5 named threads and 23 total threads with 3 sets of task threads.
LogStats: Stats thread started at 0.955922
LogD3D11RHI: Loaded GFSDK_Aftermath_Lib.x64.dll
LogICUInternationalization: ICU TimeZone Detection - Raw Offset: -7:00, Platform Override: ''
LogPluginManager: Mounting plugin Paper2D
LogPluginManager: Mounting plugin AISupport
LogPluginManager: Mounting plugin LightPropagationVolume
LogPluginManager: Mounting plugin ActorLayerUtilities
LogPluginManager: Mounting plugin CLionSourceCodeAccess
LogPluginManager: Mounting plugin CodeLiteSourceCodeAccess
LogPluginManager: Mounting plugin GitSourceControl
LogPluginManager: Mounting plugin KDevelopSourceCodeAccess
LogPluginManager: Mounting plugin NullSourceCodeAccess
LogPluginManager: Mounting plugin PerforceSourceControl
LogPluginManager: Mounting plugin SubversionSourceControl
LogPluginManager: Mounting plugin UObjectPlugin
LogPluginManager: Mounting plugin VisualStudioCodeSourceCodeAccess
LogPluginManager: Mounting plugin VisualStudioSourceCodeAccess
LogPluginManager: Mounting plugin XCodeSourceCodeAccess
LogPluginManager: Mounting plugin AssetManagerEditor
LogPluginManager: Mounting plugin CryptoKeys
LogPluginManager: Mounting plugin DataValidation
LogPluginManager: Mounting plugin FacialAnimation
LogPluginManager: Mounting plugin GameplayTagsEditor
LogPluginManager: Mounting plugin MacGraphicsSwitching
LogPluginManager: Mounting plugin MeshEditor
LogPluginManager: Mounting plugin MobileLauncherProfileWizard
LogPluginManager: Mounting plugin PluginBrowser
LogPluginManager: Mounting plugin SpeedTreeImporter
LogPluginManager: Mounting plugin DatasmithContent
LogPluginManager: Mounting plugin VariantManagerContent
LogPluginManager: Mounting plugin AlembicImporter
LogPluginManager: Mounting plugin AppleImageUtils
LogPluginManager: Mounting plugin AppleVision
LogPluginManager: Mounting plugin BackChannel
LogPluginManager: Mounting plugin CharacterAI
LogPluginManager: Mounting plugin GeometryCache
LogPluginManager: Mounting plugin HTML5Networking
LogPluginManager: Mounting plugin ProxyLODPlugin
LogPluginManager: Mounting plugin MagicLeap
LogPluginManager: Mounting plugin MagicLeapMedia
LogPluginManager: Mounting plugin AndroidMedia
LogPluginManager: Mounting plugin AvfMedia
LogPluginManager: Mounting plugin ImgMedia
LogPluginManager: Mounting plugin LinearTimecode
LogPluginManager: Mounting plugin MediaCompositing
LogPluginManager: Mounting plugin MediaPlayerEditor
LogPluginManager: Mounting plugin WebMMedia
LogPluginManager: Mounting plugin WmfMedia
LogPluginManager: Mounting plugin TcpMessaging
LogPluginManager: Mounting plugin UdpMessaging
LogPluginManager: Mounting plugin ActorSequence
LogPluginManager: Mounting plugin LevelSequenceEditor
LogPluginManager: Mounting plugin MatineeToLevelSequence
LogPluginManager: Mounting plugin NetcodeUnitTest
LogPluginManager: Mounting plugin NUTUnrealEngine4
LogPluginManager: Mounting plugin OnlineSubsystemGooglePlay
LogPluginManager: Mounting plugin OnlineSubsystemIOS
LogPluginManager: Mounting plugin OnlineSubsystem
LogPluginManager: Mounting plugin OnlineSubsystemNull
LogPluginManager: Mounting plugin OnlineSubsystemUtils
LogPluginManager: Mounting plugin LauncherChunkInstaller
LogPluginManager: Mounting plugin AndroidDeviceProfileSelector
LogPluginManager: Mounting plugin AndroidMoviePlayer
LogPluginManager: Mounting plugin AndroidPermission
LogPluginManager: Mounting plugin AppleMoviePlayer
LogPluginManager: Mounting plugin ArchVisCharacter
LogPluginManager: Mounting plugin AudioCapture
LogPluginManager: Mounting plugin CableComponent
LogPluginManager: Mounting plugin CustomMeshComponent
LogPluginManager: Mounting plugin EditableMesh
LogPluginManager: Mounting plugin ExampleDeviceProfileSelector
LogPluginManager: Mounting plugin Firebase
LogPluginManager: Mounting plugin GoogleCloudMessaging
LogPluginManager: Mounting plugin IOSDeviceProfileSelector
LogPluginManager: Mounting plugin LinuxDeviceProfileSelector
LogPluginManager: Mounting plugin LocationServicesBPLibrary
LogPluginManager: Mounting plugin MobilePatchingUtils
LogPluginManager: Mounting plugin OculusVR
LogPluginManager: Mounting plugin PhysXVehicles
LogPluginManager: Mounting plugin ProceduralMeshComponent
LogPluginManager: Mounting plugin RuntimePhysXCooking
LogPluginManager: Mounting plugin SteamVR
LogPluginManager: Mounting plugin WebMMoviePlayer
LogPluginManager: Mounting plugin WindowsMoviePlayer
LogStreaming: Display: Took  0.145s to configure plugins.
LogInit: Using libcurl 7.55.1-DEV
LogInit:  - built for x86_64-pc-win32
LogInit:  - supports SSL with OpenSSL/1.0.2h
LogInit:  - supports HTTP deflate (compression) using libz 1.2.8
LogInit:  - other features:
LogInit:      CURL_VERSION_SSL
LogInit:      CURL_VERSION_LIBZ
LogInit:      CURL_VERSION_IPV6
LogInit:      CURL_VERSION_ASYNCHDNS
LogInit:      CURL_VERSION_LARGEFILE
LogInit:      CURL_VERSION_IDN
LogInit:  CurlRequestOptions (configurable via config and command line):
LogInit:  - bVerifyPeer = true  - Libcurl will verify peer certificate
LogInit:  - bUseHttpProxy = false  - Libcurl will NOT use HTTP proxy
LogInit:  - bDontReuseConnections = false  - Libcurl will reuse connections
LogInit:  - MaxHostConnections = 16  - Libcurl will limit the number of connections to a host
LogInit:  - LocalHostAddr = Default
LogInit:  - BufferSize = 65536
LogInit: WinSock: version 1.1 (2.2), MaxSocks=32767, MaxUdp=65467
LogInit: Build: ++UE4+Release-4.21-CL-4753647
LogInit: Engine Version: 4.21.2-4753647+++UE4+Release-4.21
LogInit: Compatible Engine Version: 4.21.0-4541578+++UE4+Release-4.21
LogInit: Net CL: 4541578
LogInit: OS: Windows 10 (), CPU:        Intel(R) Core(TM) i7-3770K CPU @ 3.50GHz, GPU: NVIDIA GeForce GTX 670
LogInit: Compiled (64-bit): Jan 19 2019 02:07:31
LogInit: Compiled with Visual C++: 19.13.26129.00
LogInit: Build Configuration: Development
LogInit: Branch Name: ++UE4+Release-4.21
LogInit: Command Line: 
LogInit: Base Directory: C:/Program Files/Epic Games/UE_4.21/Engine/Binaries/Win64/
LogInit: Installed Engine Build: 1
LogDevObjectVersion: Number of dev versions registered: 22
LogDevObjectVersion:   Dev-Blueprints (B0D832E4-1F89-4F0D-ACCF-7EB736FD4AA2): 10
LogDevObjectVersion:   Dev-Build (E1C64328-A22C-4D53-A36C-8E866417BD8C): 0
LogDevObjectVersion:   Dev-Core (375EC13C-06E4-48FB-B500-84F0262A717E): 2
LogDevObjectVersion:   Dev-Editor (E4B068ED-F494-42E9-A231-DA0B2E46BB41): 26
LogDevObjectVersion:   Dev-Framework (CFFC743F-43B0-4480-9391-14DF171D2073): 34
LogDevObjectVersion:   Dev-Mobile (B02B49B5-BB20-44E9-A304-32B752E40360): 2
LogDevObjectVersion:   Dev-Networking (A4E4105C-59A1-49B5-A7C5-40C4547EDFEE): 0
LogDevObjectVersion:   Dev-Online (39C831C9-5AE6-47DC-9A44-9C173E1C8E7C): 0
LogDevObjectVersion:   Dev-Physics (78F01B33-EBEA-4F98-B9B4-84EACCB95AA2): 0
LogDevObjectVersion:   Dev-Platform (6631380F-2D4D-43E0-8009-CF276956A95A): 0
LogDevObjectVersion:   Dev-Rendering (12F88B9F-8875-4AFC-A67C-D90C383ABD29): 27
LogDevObjectVersion:   Dev-Sequencer (7B5AE74C-D270-4C10-A958-57980B212A5A): 9
LogDevObjectVersion:   Dev-VR (D7296918-1DD6-4BDD-9DE2-64A83CC13884): 2
LogDevObjectVersion:   Dev-LoadTimes (C2A15278-BFE7-4AFE-6C17-90FF531DF755): 1
LogDevObjectVersion:   Private-Geometry (6EACA3D4-40EC-4CC1-B786-8BED09428FC5): 3
LogDevObjectVersion:   Dev-AnimPhys (29E575DD-E0A3-4627-9D10-D276232CDCEA): 17
LogDevObjectVersion:   Dev-Anim (AF43A65D-7FD3-4947-9873-3E8ED9C1BB05): 2
LogDevObjectVersion:   Dev-ReflectionCapture (6B266CEC-1EC7-4B8F-A30B-E4D90942FC07): 1
LogDevObjectVersion:   Dev-Automation (0DF73D61-A23F-47EA-B727-89E90C41499A): 1
LogDevObjectVersion:   FortniteMain (601D1886-AC64-4F84-AA16-D3DE0DEAC7D6): 17
LogDevObjectVersion:   Dev-Enterprise (9DFFBCD6-494F-0158-E221-12823C92A888): 4
LogDevObjectVersion:   Dev-Niagara (F2AED0AC-9AFE-416F-8664-AA7FFA26D6FC): 1
LogStreaming: Display: Took  0.003s to delete old logs.
LogInit: Presizing for max 8388607 objects, including 0 objects not considered by GC, pre-allocating 0 bytes for permanent pool.
LogInit: Object subsystem initialized
LogConfig: Setting CVar [[con.DebugEarlyDefault:1]]
LogConfig: Setting CVar [[r.setres:1280x720]]
[2019.06.04-23.04.01:908][  0]LogConfig: Setting CVar [[r.VSync:0]]
[2019.06.04-23.04.01:908][  0]LogConfig: Setting CVar [[r.RHICmdBypass:0]]
[2019.06.04-23.04.01:908][  0]LogConfig: Applying CVar settings from Section [/Script/Engine.RendererSettings] File [C:/Users/pcjoe/Documents/GitHub/Asset-Pipeline-Summer19/AssetPipeline2019/Saved/Config/Windows/Engine.ini]
[2019.06.04-23.04.01:908][  0]LogConfig: Setting CVar [[r.GPUCrashDebugging:0]]
[2019.06.04-23.04.01:908][  0]LogConfig: Applying CVar settings from Section [/Script/Engine.RendererOverrideSettings] File [C:/Users/pcjoe/Documents/GitHub/Asset-Pipeline-Summer19/AssetPipeline2019/Saved/Config/Windows/Engine.ini]
[2019.06.04-23.04.01:908][  0]LogConfig: Applying CVar settings from Section [/Script/Engine.StreamingSettings] File [C:/Users/pcjoe/Documents/GitHub/Asset-Pipeline-Summer19/AssetPipeline2019/Saved/Config/Windows/Engine.ini]
[2019.06.04-23.04.01:908][  0]LogConfig: Setting CVar [[s.MinBulkDataSizeForAsyncLoading:131072]]
[2019.06.04-23.04.01:908][  0]LogConfig: Setting CVar [[s.AsyncLoadingThreadEnabled:0]]
[2019.06.04-23.04.01:909][  0]LogConfig: Setting CVar [[s.EventDrivenLoaderEnabled:1]]
[2019.06.04-23.04.01:909][  0]LogConfig: Setting CVar [[s.WarnIfTimeLimitExceeded:0]]
[2019.06.04-23.04.01:909][  0]LogConfig: Setting CVar [[s.TimeLimitExceededMultiplier:1.5]]
[2019.06.04-23.04.01:909][  0]LogConfig: Setting CVar [[s.TimeLimitExceededMinTime:0.005]]
[2019.06.04-23.04.01:909][  0]LogConfig: Setting CVar [[s.UseBackgroundLevelStreaming:1]]
[2019.06.04-23.04.01:909][  0]LogConfig: Setting CVar [[s.PriorityAsyncLoadingExtraTime:15.0]]
[2019.06.04-23.04.01:909][  0]LogConfig: Setting CVar [[s.LevelStreamingActorsUpdateTimeLimit:5.0]]
[2019.06.04-23.04.01:909][  0]LogConfig: Setting CVar [[s.PriorityLevelStreamingActorsUpdateExtraTime:5.0]]
[2019.06.04-23.04.01:909][  0]LogConfig: Setting CVar [[s.LevelStreamingComponentsRegistrationGranularity:10]]
[2019.06.04-23.04.01:909][  0]LogConfig: Setting CVar [[s.UnregisterComponentsTimeLimit:1.0]]
[2019.06.04-23.04.01:909][  0]LogConfig: Setting CVar [[s.LevelStreamingComponentsUnregistrationGranularity:5]]
[2019.06.04-23.04.01:909][  0]LogConfig: Applying CVar settings from Section [/Script/Engine.GarbageCollectionSettings] File [C:/Users/pcjoe/Documents/GitHub/Asset-Pipeline-Summer19/AssetPipeline2019/Saved/Config/Windows/Engine.ini]
[2019.06.04-23.04.01:909][  0]LogConfig: Setting CVar [[gc.MaxObjectsNotConsideredByGC:1]]
[2019.06.04-23.04.01:909][  0]LogConfig: Setting CVar [[gc.SizeOfPermanentObjectPool:0]]
[2019.06.04-23.04.01:909][  0]LogConfig: Setting CVar [[gc.FlushStreamingOnGC:0]]
[2019.06.04-23.04.01:909][  0]LogConfig: Setting CVar [[gc.NumRetriesBeforeForcingGC:10]]
[2019.06.04-23.04.01:909][  0]LogConfig: Setting CVar [[gc.AllowParallelGC:1]]
[2019.06.04-23.04.01:909][  0]LogConfig: Setting CVar [[gc.TimeBetweenPurgingPendingKillObjects:61.1]]
[2019.06.04-23.04.01:909][  0]LogConfig: Setting CVar [[gc.MaxObjectsInEditor:8388607]]
[2019.06.04-23.04.01:909][  0]LogConfig: Setting CVar [[gc.IncrementalBeginDestroyEnabled:1]]
[2019.06.04-23.04.01:909][  0]LogConfig: Setting CVar [[gc.CreateGCClusters:1]]
[2019.06.04-23.04.01:909][  0]LogConfig: Setting CVar [[gc.MergeGCClusters:0]]
[2019.06.04-23.04.01:909][  0]LogConfig: Setting CVar [[gc.MinGCClusterSize:5]]
[2019.06.04-23.04.01:909][  0]LogConfig: Setting CVar [[gc.ActorClusteringEnabled:0]]
[2019.06.04-23.04.01:909][  0]LogConfig: Setting CVar [[gc.BlueprintClusteringEnabled:0]]
[2019.06.04-23.04.01:909][  0]LogConfig: Setting CVar [[gc.UseDisregardForGCOnDedicatedServers:0]]
[2019.06.04-23.04.01:909][  0]LogConfig: Applying CVar settings from Section [/Script/Engine.NetworkSettings] File [C:/Users/pcjoe/Documents/GitHub/Asset-Pipeline-Summer19/AssetPipeline2019/Saved/Config/Windows/Engine.ini]
[2019.06.04-23.04.01:909][  0]LogConfig: Applying CVar settings from Section [/Script/UnrealEd.CookerSettings] File [C:/Users/pcjoe/Documents/GitHub/Asset-Pipeline-Summer19/AssetPipeline2019/Saved/Config/Windows/Engine.ini]
[2019.06.04-23.04.01:926][  0]LogConfig: Applying CVar settings from Section [ViewDistanceQuality@3] File [C:/Users/pcjoe/Documents/GitHub/Asset-Pipeline-Summer19/AssetPipeline2019/Saved/Config/Windows/Scalability.ini]
[2019.06.04-23.04.01:926][  0]LogConfig: Setting CVar [[r.SkeletalMeshLODBias:0]]
[2019.06.04-23.04.01:926][  0]LogConfig: Setting CVar [[r.ViewDistanceScale:1.0]]
[2019.06.04-23.04.01:926][  0]LogConfig: Applying CVar settings from Section [AntiAliasingQuality@3] File [C:/Users/pcjoe/Documents/GitHub/Asset-Pipeline-Summer19/AssetPipeline2019/Saved/Config/Windows/Scalability.ini]
[2019.06.04-23.04.01:926][  0]LogConfig: Setting CVar [[r.PostProcessAAQuality:4]]
[2019.06.04-23.04.01:926][  0]LogConfig: Applying CVar settings from Section [ShadowQuality@3] File [C:/Users/pcjoe/Documents/GitHub/Asset-Pipeline-Summer19/AssetPipeline2019/Saved/Config/Windows/Scalability.ini]
[2019.06.04-23.04.01:926][  0]LogConfig: Setting CVar [[r.LightFunctionQuality:1]]
[2019.06.04-23.04.01:926][  0]LogConfig: Setting CVar [[r.ShadowQuality:5]]
[2019.06.04-23.04.01:926][  0]LogConfig: Setting CVar [[r.Shadow.CSM.MaxCascades:10]]
[2019.06.04-23.04.01:926][  0]LogConfig: Setting CVar [[r.Shadow.MaxResolution:2048]]
[2019.06.04-23.04.01:926][  0]LogConfig: Setting CVar [[r.Shadow.MaxCSMResolution:2048]]
[2019.06.04-23.04.01:926][  0]LogConfig: Setting CVar [[r.Shadow.RadiusThreshold:0.01]]
[2019.06.04-23.04.01:926][  0]LogConfig: Setting CVar [[r.Shadow.DistanceScale:1.0]]
[2019.06.04-23.04.01:926][  0]LogConfig: Setting CVar [[r.Shadow.CSM.TransitionScale:1.0]]
[2019.06.04-23.04.01:926][  0]LogConfig: Setting CVar [[r.Shadow.PreShadowResolutionFactor:1.0]]
[2019.06.04-23.04.01:926][  0]LogConfig: Setting CVar [[r.DistanceFieldShadowing:1]]
[2019.06.04-23.04.01:926][  0]LogConfig: Setting CVar [[r.DistanceFieldAO:1]]
[2019.06.04-23.04.01:927][  0]LogConfig: Setting CVar [[r.AOQuality:2]]
[2019.06.04-23.04.01:927][  0]LogConfig: Setting CVar [[r.VolumetricFog:1]]
[2019.06.04-23.04.01:927][  0]LogConfig: Setting CVar [[r.VolumetricFog.GridPixelSize:8]]
[2019.06.04-23.04.01:927][  0]LogConfig: Setting CVar [[r.VolumetricFog.GridSizeZ:128]]
[2019.06.04-23.04.01:927][  0]LogConfig: Setting CVar [[r.VolumetricFog.HistoryMissSupersampleCount:4]]
[2019.06.04-23.04.01:927][  0]LogConfig: Setting CVar [[r.LightMaxDrawDistanceScale:1]]
[2019.06.04-23.04.01:927][  0]LogConfig: Setting CVar [[r.CapsuleShadows:1]]
[2019.06.04-23.04.01:927][  0]LogConfig: Applying CVar settings from Section [PostProcessQuality@3] File [C:/Users/pcjoe/Documents/GitHub/Asset-Pipeline-Summer19/AssetPipeline2019/Saved/Config/Windows/Scalability.ini]
[2019.06.04-23.04.01:927][  0]LogConfig: Setting CVar [[r.MotionBlurQuality:4]]
[2019.06.04-23.04.01:927][  0]LogConfig: Setting CVar [[r.AmbientOcclusionMipLevelFactor:0.4]]
[2019.06.04-23.04.01:927][  0]LogConfig: Setting CVar [[r.AmbientOcclusionMaxQuality:100]]
[2019.06.04-23.04.01:927][  0]LogConfig: Setting CVar [[r.AmbientOcclusionLevels:-1]]
[2019.06.04-23.04.01:927][  0]LogConfig: Setting CVar [[r.AmbientOcclusionRadiusScale:1.0]]
[2019.06.04-23.04.01:927][  0]LogConfig: Setting CVar [[r.DepthOfFieldQuality:2]]
[2019.06.04-23.04.01:927][  0]LogConfig: Setting CVar [[r.RenderTargetPoolMin:400]]
[2019.06.04-23.04.01:927][  0]LogConfig: Setting CVar [[r.LensFlareQuality:2]]
[2019.06.04-23.04.01:927][  0]LogConfig: Setting CVar [[r.SceneColorFringeQuality:1]]
[2019.06.04-23.04.01:927][  0]LogConfig: Setting CVar [[r.EyeAdaptationQuality:2]]
[2019.06.04-23.04.01:927][  0]LogConfig: Setting CVar [[r.BloomQuality:5]]
[2019.06.04-23.04.01:927][  0]LogConfig: Setting CVar [[r.FastBlurThreshold:100]]
[2019.06.04-23.04.01:927][  0]LogConfig: Setting CVar [[r.Upscale.Quality:3]]
[2019.06.04-23.04.01:927][  0]LogConfig: Setting CVar [[r.Tonemapper.GrainQuantization:1]]
[2019.06.04-23.04.01:927][  0]LogConfig: Setting CVar [[r.LightShaftQuality:1]]
[2019.06.04-23.04.01:927][  0]LogConfig: Setting CVar [[r.Filter.SizeScale:1]]
[2019.06.04-23.04.01:927][  0]LogConfig: Setting CVar [[r.Tonemapper.Quality:5]]
[2019.06.04-23.04.01:927][  0]LogConfig: Setting CVar [[r.DOF.Gather.AccumulatorQuality:1        ; higher gathering accumulator quality]]
[2019.06.04-23.04.01:927][  0]LogConfig: Setting CVar [[r.DOF.Gather.PostfilterMethod:1          ; Median3x3 postfilering method]]
[2019.06.04-23.04.01:928][  0]LogConfig: Setting CVar [[r.DOF.Gather.EnableBokehSettings:0       ; no bokeh simulation when gathering]]
[2019.06.04-23.04.01:928][  0]LogConfig: Setting CVar [[r.DOF.Gather.RingCount:4                 ; medium number of samples when gathering]]
[2019.06.04-23.04.01:928][  0]LogConfig: Setting CVar [[r.DOF.Scatter.ForegroundCompositing:1    ; additive foreground scattering]]
[2019.06.04-23.04.01:928][  0]LogConfig: Setting CVar [[r.DOF.Scatter.BackgroundCompositing:2    ; additive background scattering]]
[2019.06.04-23.04.01:928][  0]LogConfig: Setting CVar [[r.DOF.Scatter.EnableBokehSettings:1      ; bokeh simulation when scattering]]
[2019.06.04-23.04.01:928][  0]LogConfig: Setting CVar [[r.DOF.Scatter.MaxSpriteRatio:0.1         ; only a maximum of 10% of scattered bokeh]]
[2019.06.04-23.04.01:928][  0]LogConfig: Setting CVar [[r.DOF.Recombine.Quality:1                ; cheap slight out of focus]]
[2019.06.04-23.04.01:928][  0]LogConfig: Setting CVar [[r.DOF.Recombine.EnableBokehSettings:0    ; no bokeh simulation on slight out of focus]]
[2019.06.04-23.04.01:928][  0]LogConfig: Setting CVar [[r.DOF.TemporalAAQuality:1                ; more stable temporal accumulation]]
[2019.06.04-23.04.01:928][  0]LogConfig: Setting CVar [[r.DOF.Kernel.MaxForegroundRadius:0.025]]
[2019.06.04-23.04.01:928][  0]LogConfig: Setting CVar [[r.DOF.Kernel.MaxBackgroundRadius:0.025]]
[2019.06.04-23.04.01:928][  0]LogConfig: Applying CVar settings from Section [TextureQuality@3] File [C:/Users/pcjoe/Documents/GitHub/Asset-Pipeline-Summer19/AssetPipeline2019/Saved/Config/Windows/Scalability.ini]
[2019.06.04-23.04.01:928][  0]LogConfig: Setting CVar [[r.Streaming.MipBias:0]]
[2019.06.04-23.04.01:928][  0]LogConfig: Setting CVar [[r.Streaming.AmortizeCPUToGPUCopy:0]]
[2019.06.04-23.04.01:928][  0]LogConfig: Setting CVar [[r.Streaming.MaxNumTexturesToStreamPerFrame:0]]
[2019.06.04-23.04.01:928][  0]LogConfig: Setting CVar [[r.Streaming.Boost:1]]
[2019.06.04-23.04.01:928][  0]LogConfig: Setting CVar [[r.MaxAnisotropy:8]]
[2019.06.04-23.04.01:928][  0]LogConfig: Setting CVar [[r.Streaming.LimitPoolSizeToVRAM:0]]
[2019.06.04-23.04.01:928][  0]LogConfig: Setting CVar [[r.Streaming.PoolSize:1000]]
[2019.06.04-23.04.01:928][  0]LogConfig: Setting CVar [[r.Streaming.MaxEffectiveScreenSize:0]]
[2019.06.04-23.04.01:928][  0]LogConfig: Applying CVar settings from Section [EffectsQuality@3] File [C:/Users/pcjoe/Documents/GitHub/Asset-Pipeline-Summer19/AssetPipeline2019/Saved/Config/Windows/Scalability.ini]
[2019.06.04-23.04.01:928][  0]LogConfig: Setting CVar [[r.TranslucencyLightingVolumeDim:64]]
[2019.06.04-23.04.01:928][  0]LogConfig: Setting CVar [[r.RefractionQuality:2]]
[2019.06.04-23.04.01:928][  0]LogConfig: Setting CVar [[r.SSR.Quality:3]]
[2019.06.04-23.04.01:928][  0]LogConfig: Setting CVar [[r.SceneColorFormat:4]]
[2019.06.04-23.04.01:928][  0]LogConfig: Setting CVar [[r.DetailMode:2]]
[2019.06.04-23.04.01:928][  0]LogConfig: Setting CVar [[r.TranslucencyVolumeBlur:1]]
[2019.06.04-23.04.01:928][  0]LogConfig: Setting CVar [[r.MaterialQualityLevel:1 ; High quality]]
[2019.06.04-23.04.01:928][  0]LogConfig: Setting CVar [[r.SSS.Scale:1]]
[2019.06.04-23.04.01:929][  0]LogConfig: Setting CVar [[r.SSS.SampleSet:2]]
[2019.06.04-23.04.01:929][  0]LogConfig: Setting CVar [[r.SSS.Quality:1]]
[2019.06.04-23.04.01:929][  0]LogConfig: Setting CVar [[r.SSS.HalfRes:1]]
[2019.06.04-23.04.01:929][  0]LogConfig: Setting CVar [[r.EmitterSpawnRateScale:1.0]]
[2019.06.04-23.04.01:929][  0]LogConfig: Setting CVar [[r.ParticleLightQuality:2]]
[2019.06.04-23.04.01:929][  0]LogConfig: Applying CVar settings from Section [FoliageQuality@3] File [C:/Users/pcjoe/Documents/GitHub/Asset-Pipeline-Summer19/AssetPipeline2019/Saved/Config/Windows/Scalability.ini]
[2019.06.04-23.04.01:929][  0]LogConfig: Setting CVar [[foliage.DensityScale:1.0]]
[2019.06.04-23.04.01:929][  0]LogConfig: Setting CVar [[grass.DensityScale:1.0]]
[2019.06.04-23.04.01:930][  0]LogInit: Selected Device Profile: [Windows]
[2019.06.04-23.04.01:930][  0]LogInit: Applying CVar settings loaded from the selected device profile: [Windows]
[2019.06.04-23.04.01:979][  0]LogHAL: Display: Platform has ~ 8 GB [8531873792 / 8589934592 / 8], which maps to Default [LargestMinGB=32, LargerMinGB=12, DefaultMinGB=8, SmallerMinGB=6, SmallestMinGB=0)
[2019.06.04-23.04.01:979][  0]LogConfig: Setting CVar [[r.Vulkan.UseRealUBs:1]]
[2019.06.04-23.04.01:979][  0]LogInit: Going up to parent DeviceProfile []
[2019.06.04-23.04.01:980][  0]LogConfig: Applying CVar settings from Section [ViewDistanceQuality@3] File [C:/Users/pcjoe/Documents/GitHub/Asset-Pipeline-Summer19/AssetPipeline2019/Saved/Config/Windows/Scalability.ini]
[2019.06.04-23.04.01:980][  0]LogConfig: Setting CVar [[r.SkeletalMeshLODBias:0]]
[2019.06.04-23.04.01:980][  0]LogConfig: Setting CVar [[r.ViewDistanceScale:1.0]]
[2019.06.04-23.04.01:980][  0]LogConfig: Applying CVar settings from Section [AntiAliasingQuality@3] File [C:/Users/pcjoe/Documents/GitHub/Asset-Pipeline-Summer19/AssetPipeline2019/Saved/Config/Windows/Scalability.ini]
[2019.06.04-23.04.01:980][  0]LogConfig: Setting CVar [[r.PostProcessAAQuality:4]]
[2019.06.04-23.04.01:980][  0]LogConfig: Applying CVar settings from Section [ShadowQuality@3] File [C:/Users/pcjoe/Documents/GitHub/Asset-Pipeline-Summer19/AssetPipeline2019/Saved/Config/Windows/Scalability.ini]
[2019.06.04-23.04.01:980][  0]LogConfig: Setting CVar [[r.LightFunctionQuality:1]]
[2019.06.04-23.04.01:980][  0]LogConfig: Setting CVar [[r.ShadowQuality:5]]
[2019.06.04-23.04.01:980][  0]LogConfig: Setting CVar [[r.Shadow.CSM.MaxCascades:10]]
[2019.06.04-23.04.01:980][  0]LogConfig: Setting CVar [[r.Shadow.MaxResolution:2048]]
[2019.06.04-23.04.01:980][  0]LogConfig: Setting CVar [[r.Shadow.MaxCSMResolution:2048]]
[2019.06.04-23.04.01:980][  0]LogConfig: Setting CVar [[r.Shadow.RadiusThreshold:0.01]]
[2019.06.04-23.04.01:980][  0]LogConfig: Setting CVar [[r.Shadow.DistanceScale:1.0]]
[2019.06.04-23.04.01:980][  0]LogConfig: Setting CVar [[r.Shadow.CSM.TransitionScale:1.0]]
[2019.06.04-23.04.01:980][  0]LogConfig: Setting CVar [[r.Shadow.PreShadowResolutionFactor:1.0]]
[2019.06.04-23.04.01:980][  0]LogConfig: Setting CVar [[r.DistanceFieldShadowing:1]]
[2019.06.04-23.04.01:980][  0]LogConfig: Setting CVar [[r.DistanceFieldAO:1]]
[2019.06.04-23.04.01:980][  0]LogConfig: Setting CVar [[r.AOQuality:2]]
[2019.06.04-23.04.01:981][  0]LogConfig: Setting CVar [[r.VolumetricFog:1]]
[2019.06.04-23.04.01:981][  0]LogConfig: Setting CVar [[r.VolumetricFog.GridPixelSize:8]]
[2019.06.04-23.04.01:981][  0]LogConfig: Setting CVar [[r.VolumetricFog.GridSizeZ:128]]
[2019.06.04-23.04.01:981][  0]LogConfig: Setting CVar [[r.VolumetricFog.HistoryMissSupersampleCount:4]]
[2019.06.04-23.04.01:981][  0]LogConfig: Setting CVar [[r.LightMaxDrawDistanceScale:1]]
[2019.06.04-23.04.01:981][  0]LogConfig: Setting CVar [[r.CapsuleShadows:1]]
[2019.06.04-23.04.01:981][  0]LogConfig: Applying CVar settings from Section [PostProcessQuality@3] File [C:/Users/pcjoe/Documents/GitHub/Asset-Pipeline-Summer19/AssetPipeline2019/Saved/Config/Windows/Scalability.ini]
[2019.06.04-23.04.01:981][  0]LogConfig: Setting CVar [[r.MotionBlurQuality:4]]
[2019.06.04-23.04.01:981][  0]LogConfig: Setting CVar [[r.AmbientOcclusionMipLevelFactor:0.4]]
[2019.06.04-23.04.01:981][  0]LogConfig: Setting CVar [[r.AmbientOcclusionMaxQuality:100]]
[2019.06.04-23.04.01:981][  0]LogConfig: Setting CVar [[r.AmbientOcclusionLevels:-1]]
[2019.06.04-23.04.01:981][  0]LogConfig: Setting CVar [[r.AmbientOcclusionRadiusScale:1.0]]
[2019.06.04-23.04.01:981][  0]LogConfig: Setting CVar [[r.DepthOfFieldQuality:2]]
[2019.06.04-23.04.01:981][  0]LogConfig: Setting CVar [[r.RenderTargetPoolMin:400]]
[2019.06.04-23.04.01:981][  0]LogConfig: Setting CVar [[r.LensFlareQuality:2]]
[2019.06.04-23.04.01:981][  0]LogConfig: Setting CVar [[r.SceneColorFringeQuality:1]]
[2019.06.04-23.04.01:981][  0]LogConfig: Setting CVar [[r.EyeAdaptationQuality:2]]
[2019.06.04-23.04.01:981][  0]LogConfig: Setting CVar [[r.BloomQuality:5]]
[2019.06.04-23.04.01:981][  0]LogConfig: Setting CVar [[r.FastBlurThreshold:100]]
[2019.06.04-23.04.01:981][  0]LogConfig: Setting CVar [[r.Upscale.Quality:3]]
[2019.06.04-23.04.01:981][  0]LogConfig: Setting CVar [[r.Tonemapper.GrainQuantization:1]]
[2019.06.04-23.04.01:981][  0]LogConfig: Setting CVar [[r.LightShaftQuality:1]]
[2019.06.04-23.04.01:981][  0]LogConfig: Setting CVar [[r.Filter.SizeScale:1]]
[2019.06.04-23.04.01:981][  0]LogConfig: Setting CVar [[r.Tonemapper.Quality:5]]
[2019.06.04-23.04.01:981][  0]LogConfig: Setting CVar [[r.DOF.Gather.AccumulatorQuality:1        ; higher gathering accumulator quality]]
[2019.06.04-23.04.01:981][  0]LogConfig: Setting CVar [[r.DOF.Gather.PostfilterMethod:1          ; Median3x3 postfilering method]]
[2019.06.04-23.04.01:981][  0]LogConfig: Setting CVar [[r.DOF.Gather.EnableBokehSettings:0       ; no bokeh simulation when gathering]]
[2019.06.04-23.04.01:981][  0]LogConfig: Setting CVar [[r.DOF.Gather.RingCount:4                 ; medium number of samples when gathering]]
[2019.06.04-23.04.01:981][  0]LogConfig: Setting CVar [[r.DOF.Scatter.ForegroundCompositing:1    ; additive foreground scattering]]
[2019.06.04-23.04.01:981][  0]LogConfig: Setting CVar [[r.DOF.Scatter.BackgroundCompositing:2    ; additive background scattering]]
[2019.06.04-23.04.01:981][  0]LogConfig: Setting CVar [[r.DOF.Scatter.EnableBokehSettings:1      ; bokeh simulation when scattering]]
[2019.06.04-23.04.01:982][  0]LogConfig: Setting CVar [[r.DOF.Scatter.MaxSpriteRatio:0.1         ; only a maximum of 10% of scattered bokeh]]
[2019.06.04-23.04.01:982][  0]LogConfig: Setting CVar [[r.DOF.Recombine.Quality:1                ; cheap slight out of focus]]
[2019.06.04-23.04.01:982][  0]LogConfig: Setting CVar [[r.DOF.Recombine.EnableBokehSettings:0    ; no bokeh simulation on slight out of focus]]
[2019.06.04-23.04.01:982][  0]LogConfig: Setting CVar [[r.DOF.TemporalAAQuality:1                ; more stable temporal accumulation]]
[2019.06.04-23.04.01:982][  0]LogConfig: Setting CVar [[r.DOF.Kernel.MaxForegroundRadius:0.025]]
[2019.06.04-23.04.01:982][  0]LogConfig: Setting CVar [[r.DOF.Kernel.MaxBackgroundRadius:0.025]]
[2019.06.04-23.04.01:982][  0]LogConfig: Applying CVar settings from Section [TextureQuality@3] File [C:/Users/pcjoe/Documents/GitHub/Asset-Pipeline-Summer19/AssetPipeline2019/Saved/Config/Windows/Scalability.ini]
[2019.06.04-23.04.01:982][  0]LogConfig: Setting CVar [[r.Streaming.MipBias:0]]
[2019.06.04-23.04.01:982][  0]LogConfig: Setting CVar [[r.Streaming.AmortizeCPUToGPUCopy:0]]
[2019.06.04-23.04.01:982][  0]LogConfig: Setting CVar [[r.Streaming.MaxNumTexturesToStreamPerFrame:0]]
[2019.06.04-23.04.01:982][  0]LogConfig: Setting CVar [[r.Streaming.Boost:1]]
[2019.06.04-23.04.01:982][  0]LogConfig: Setting CVar [[r.MaxAnisotropy:8]]
[2019.06.04-23.04.01:982][  0]LogConfig: Setting CVar [[r.Streaming.LimitPoolSizeToVRAM:0]]
[2019.06.04-23.04.01:982][  0]LogConfig: Setting CVar [[r.Streaming.PoolSize:1000]]
[2019.06.04-23.04.01:982][  0]LogConfig: Setting CVar [[r.Streaming.MaxEffectiveScreenSize:0]]
[2019.06.04-23.04.01:982][  0]LogConfig: Applying CVar settings from Section [EffectsQuality@3] File [C:/Users/pcjoe/Documents/GitHub/Asset-Pipeline-Summer19/AssetPipeline2019/Saved/Config/Windows/Scalability.ini]
[2019.06.04-23.04.01:982][  0]LogConfig: Setting CVar [[r.TranslucencyLightingVolumeDim:64]]
[2019.06.04-23.04.01:982][  0]LogConfig: Setting CVar [[r.RefractionQuality:2]]
[2019.06.04-23.04.01:982][  0]LogConfig: Setting CVar [[r.SSR.Quality:3]]
[2019.06.04-23.04.01:982][  0]LogConfig: Setting CVar [[r.SceneColorFormat:4]]
[2019.06.04-23.04.01:982][  0]LogConfig: Setting CVar [[r.DetailMode:2]]
[2019.06.04-23.04.01:982][  0]LogConfig: Setting CVar [[r.TranslucencyVolumeBlur:1]]
[2019.06.04-23.04.01:982][  0]LogConfig: Setting CVar [[r.MaterialQualityLevel:1 ; High quality]]
[2019.06.04-23.04.01:982][  0]LogConfig: Setting CVar [[r.SSS.Scale:1]]
[2019.06.04-23.04.01:982][  0]LogConfig: Setting CVar [[r.SSS.SampleSet:2]]
[2019.06.04-23.04.01:982][  0]LogConfig: Setting CVar [[r.SSS.Quality:1]]
[2019.06.04-23.04.01:982][  0]LogConfig: Setting CVar [[r.SSS.HalfRes:1]]
[2019.06.04-23.04.01:982][  0]LogConfig: Setting CVar [[r.EmitterSpawnRateScale:1.0]]
[2019.06.04-23.04.01:982][  0]LogConfig: Setting CVar [[r.ParticleLightQuality:2]]
[2019.06.04-23.04.01:982][  0]LogConfig: Applying CVar settings from Section [FoliageQuality@3] File [C:/Users/pcjoe/Documents/GitHub/Asset-Pipeline-Summer19/AssetPipeline2019/Saved/Config/Windows/Scalability.ini]
[2019.06.04-23.04.01:983][  0]LogConfig: Setting CVar [[foliage.DensityScale:1.0]]
[2019.06.04-23.04.01:983][  0]LogConfig: Setting CVar [[grass.DensityScale:1.0]]
[2019.06.04-23.04.01:983][  0]LogConfig: Applying CVar settings from Section [Startup] File [../../../Engine/Config/ConsoleVariables.ini]
[2019.06.04-23.04.01:990][  0]LogConfig: Setting CVar [[net.UseAdaptiveNetUpdateFrequency:0]]
[2019.06.04-23.04.01:990][  0]LogConfig: Applying CVar settings from Section [ConsoleVariables] File [C:/Users/pcjoe/Documents/GitHub/Asset-Pipeline-Summer19/AssetPipeline2019/Saved/Config/Windows/Engine.ini]
[2019.06.04-23.04.01:992][  0]LogInit: Computer: DESKTOP-2FV0GNH
[2019.06.04-23.04.01:992][  0]LogInit: User: pcjoe
[2019.06.04-23.04.01:992][  0]LogInit: CPU Page size=4096, Cores=4
[2019.06.04-23.04.01:992][  0]LogInit: High frequency timer resolution =3.435895 MHz
[2019.06.04-23.04.01:993][  0]LogMemory: Memory total: Physical=7.9GB (8GB approx)
[2019.06.04-23.04.01:993][  0]LogMemory: Platform Memory Stats for Windows
[2019.06.04-23.04.01:993][  0]LogMemory: Process Physical Memory: 102.02 MB used, 102.02 MB peak
[2019.06.04-23.04.01:993][  0]LogMemory: Process Virtual Memory: 91.20 MB used, 91.20 MB peak
[2019.06.04-23.04.01:993][  0]LogMemory: Physical Memory: 7571.71 MB used,  564.91 MB free, 8136.63 MB total
[2019.06.04-23.04.01:993][  0]LogMemory: Virtual Memory: 4647.91 MB used,  134213080.00 MB free, 134217728.00 MB total
[2019.06.04-23.04.02:224][  0]LogInit: Using OS detected language (en-US).
[2019.06.04-23.04.02:224][  0]LogInit: Using OS detected locale (en-US).
[2019.06.04-23.04.02:228][  0]LogTextLocalizationManager: No specific localization for 'en-US' exists, so the 'en' localization will be used.
[2019.06.04-23.04.02:741][  0]LogStreaming: Display: Took  0.516s to InitEngineTextLocalization.
[2019.06.04-23.04.02:741][  0]LogInit: Setting process to per monitor DPI aware
[2019.06.04-23.04.02:836][  0]LogSlate: New Slate User Created.  User Index 0, Is Virtual User: 0
[2019.06.04-23.04.02:836][  0]LogSlate: Slate User Registered.  User Index 0, Is Virtual User: 0
[2019.06.04-23.04.04:844][  0]LogHMD: Failed to initialize OpenVR with code 110
[2019.06.04-23.04.04:844][  0]LogD3D11RHI: D3D11 adapters:
[2019.06.04-23.04.04:925][  0]LogD3D11RHI:    0. 'NVIDIA GeForce GTX 670' (Feature Level 11_0)
[2019.06.04-23.04.04:925][  0]LogD3D11RHI:       2007/0/4068 MB DedicatedVideo/DedicatedSystem/SharedSystem, Outputs:2, VendorId:0x10de
[2019.06.04-23.04.04:930][  0]LogD3D11RHI:    1. 'Microsoft Basic Render Driver' (Feature Level 11_0)
[2019.06.04-23.04.04:930][  0]LogD3D11RHI:       0/0/4068 MB DedicatedVideo/DedicatedSystem/SharedSystem, Outputs:0, VendorId:0x1414
[2019.06.04-23.04.04:930][  0]LogD3D11RHI: Chosen D3D11 Adapter: 0
[2019.06.04-23.04.04:941][  0]LogD3D11RHI: Creating new Direct3DDevice
[2019.06.04-23.04.04:941][  0]LogD3D11RHI:     GPU DeviceId: 0x1189 (for the marketing name, search the web for "GPU Device Id")
[2019.06.04-23.04.04:941][  0]LogWindows: EnumDisplayDevices:
[2019.06.04-23.04.04:942][  0]LogWindows:    0. 'NVIDIA GeForce GTX 670' (P:1 D:1)
[2019.06.04-23.04.04:942][  0]LogWindows:    1. 'NVIDIA GeForce GTX 670' (P:0 D:1)
[2019.06.04-23.04.04:942][  0]LogWindows:    2. 'NVIDIA GeForce GTX 670' (P:0 D:0)
[2019.06.04-23.04.04:943][  0]LogWindows:    3. 'NVIDIA GeForce GTX 670' (P:0 D:0)
[2019.06.04-23.04.04:943][  0]LogWindows: DebugString: FoundDriverCount:4 
[2019.06.04-23.04.04:943][  0]LogD3D11RHI:     Adapter Name: NVIDIA GeForce GTX 670
[2019.06.04-23.04.04:943][  0]LogD3D11RHI:   Driver Version: 418.91 (internal:25.21.14.1891, unified:418.91)
[2019.06.04-23.04.04:943][  0]LogD3D11RHI:      Driver Date: 2-6-2019
[2019.06.04-23.04.04:943][  0]LogRHI: Texture pool is 1404 MB (70% of 2007 MB)
[2019.06.04-23.04.04:991][  0]LogD3D11RHI: Async texture creation enabled
[2019.06.04-23.04.05:022][  0]LogD3D11RHI: GPU Timing Frequency: 1000.000000 (Debug: 2 2)
[2019.06.04-23.04.06:270][  0]LogTemp: Display: Loaded TP AllDesktopTargetPlatform
[2019.06.04-23.04.06:285][  0]LogTemp: Display: Loaded TP MacClientTargetPlatform
[2019.06.04-23.04.06:301][  0]LogTemp: Display: Loaded TP MacNoEditorTargetPlatform
[2019.06.04-23.04.06:317][  0]LogTemp: Display: Loaded TP MacServerTargetPlatform
[2019.06.04-23.04.06:337][  0]LogTemp: Display: Loaded TP MacTargetPlatform
[2019.06.04-23.04.06:354][  0]LogTemp: Display: Loaded TP WindowsClientTargetPlatform
[2019.06.04-23.04.06:371][  0]LogTemp: Display: Loaded TP WindowsNoEditorTargetPlatform
[2019.06.04-23.04.06:388][  0]LogTemp: Display: Loaded TP WindowsServerTargetPlatform
[2019.06.04-23.04.06:397][  0]LogTemp: Display: Loaded TP WindowsTargetPlatform
[2019.06.04-23.04.06:489][  0]LogTemp: Display: Loaded TP AndroidTargetPlatform
[2019.06.04-23.04.06:489][  0]LogTemp: Display: Loaded TP AndroidTargetPlatform
[2019.06.04-23.04.06:489][  0]LogTemp: Display: Loaded TP AndroidTargetPlatform
[2019.06.04-23.04.06:489][  0]LogTemp: Display: Loaded TP AndroidTargetPlatform
[2019.06.04-23.04.06:489][  0]LogTemp: Display: Loaded TP AndroidTargetPlatform
[2019.06.04-23.04.06:489][  0]LogTemp: Display: Loaded TP AndroidTargetPlatform
[2019.06.04-23.04.06:489][  0]LogTemp: Display: Loaded TP AndroidTargetPlatform
[2019.06.04-23.04.06:489][  0]LogTemp: Display: Loaded TP AndroidTargetPlatform
[2019.06.04-23.04.06:489][  0]LogTemp: Display: Loaded TP AndroidTargetPlatform
[2019.06.04-23.04.06:489][  0]LogTemp: Display: Loaded TP AndroidTargetPlatform
[2019.06.04-23.04.06:489][  0]LogTemp: Display: Loaded TP AndroidTargetPlatform
[2019.06.04-23.04.06:489][  0]LogTemp: Display: Loaded TP AndroidTargetPlatform
[2019.06.04-23.04.06:489][  0]LogTemp: Display: Loaded TP AndroidTargetPlatform
[2019.06.04-23.04.06:489][  0]LogTemp: Display: Loaded TP AndroidTargetPlatform
[2019.06.04-23.04.06:489][  0]LogTemp: Display: Loaded TP AndroidTargetPlatform
[2019.06.04-23.04.06:489][  0]LogTemp: Display: Loaded TP AndroidTargetPlatform
[2019.06.04-23.04.06:489][  0]LogTemp: Display: Loaded TP AndroidTargetPlatform
[2019.06.04-23.04.06:489][  0]LogTemp: Display: Loaded TP AndroidTargetPlatform
[2019.06.04-23.04.06:492][  0]LogTemp: Display: Loaded TP HTML5TargetPlatform
[2019.06.04-23.04.06:581][  0]LogTemp: Display: Loaded TP IOSTargetPlatform
[2019.06.04-23.04.06:581][  0]LogTemp: Display: Loaded TP IOSTargetPlatform
[2019.06.04-23.04.06:615][  0]LogTemp: Display: Loaded TP TVOSTargetPlatform
[2019.06.04-23.04.06:615][  0]LogTemp: Display: Loaded TP TVOSTargetPlatform
[2019.06.04-23.04.06:630][  0]LogTemp: Display: Loaded TP LinuxClientTargetPlatform
[2019.06.04-23.04.06:646][  0]LogTemp: Display: Loaded TP LinuxNoEditorTargetPlatform
[2019.06.04-23.04.06:661][  0]LogTemp: Display: Loaded TP LinuxServerTargetPlatform
[2019.06.04-23.04.06:684][  0]LogTemp: Display: Loaded TP LinuxTargetPlatform
[2019.06.04-23.04.06:737][  0]LogTemp: Display: Loaded TP LuminTargetPlatform
[2019.06.04-23.04.06:737][  0]LogTemp: Display: Loaded TP LuminTargetPlatform
[2019.06.04-23.04.06:737][  0]LogTargetPlatformManager: Display: Building Assets For Windows
[2019.06.04-23.04.06:912][  0]LogShaderCompilers: Guid format shader working directory is -43 characters bigger than the processId version (../../../../../../Users/pcjoe/Documents/GitHub/Asset-Pipeline-Summer19/AssetPipeline2019/Intermediate/Shaders/WorkingDirectory/19628/).
[2019.06.04-23.04.06:912][  0]LogShaderCompilers: Cleaned the shader compiler working directory 'C:/Users/pcjoe/AppData/Local/Temp/UnrealShaderWorkingDir/AA9170464CF58F83C6512DA700146C83/'.
[2019.06.04-23.04.06:915][  0]LogXGEController: Cleaning working directory: C:/Users/pcjoe/AppData/Local/Temp/UnrealXGEWorkingDir/
[2019.06.04-23.04.06:916][  0]LogXGEController: Cannot use XGE Controller as Incredibuild is not installed on this machine.
[2019.06.04-23.04.06:916][  0]LogShaderCompilers: Cannot use XGE Shader Compiler as Incredibuild is not installed on this machine.
[2019.06.04-23.04.06:916][  0]LogShaderCompilers: Display: Using Local Shader Compiler.
[2019.06.04-23.04.08:730][  0]LogDerivedDataCache: Display: Max Cache Size: 512 MB
[2019.06.04-23.04.09:122][  0]LogDerivedDataCache: Loaded boot cache 0.39s 86MB C:/Users/pcjoe/AppData/Local/UnrealEngine/4.21/DerivedDataCache/Boot.ddc.
[2019.06.04-23.04.09:122][  0]LogDerivedDataCache: Display: Loaded Boot cache: C:/Users/pcjoe/AppData/Local/UnrealEngine/4.21/DerivedDataCache/Boot.ddc
[2019.06.04-23.04.09:123][  0]LogDerivedDataCache: FDerivedDataBackendGraph:  Pak pak cache file ../../../../../../Users/pcjoe/Documents/GitHub/Asset-Pipeline-Summer19/AssetPipeline2019/DerivedDataCache/DDC.ddp not found, will not use a pak cache.
[2019.06.04-23.04.09:123][  0]LogDerivedDataCache: Unable to find inner node Pak for hierarchical cache Hierarchy.
[2019.06.04-23.04.09:123][  0]LogDerivedDataCache: FDerivedDataBackendGraph:  CompressedPak pak cache file ../../../../../../Users/pcjoe/Documents/GitHub/Asset-Pipeline-Summer19/AssetPipeline2019/DerivedDataCache/Compressed.ddp not found, will not use a pak cache.
[2019.06.04-23.04.09:123][  0]LogDerivedDataCache: Unable to find inner node CompressedPak for hierarchical cache Hierarchy.
[2019.06.04-23.04.09:152][  0]LogDerivedDataCache: Display: Pak cache opened for reading ../../../Engine/DerivedDataCache/Compressed.ddp.
[2019.06.04-23.04.09:152][  0]LogDerivedDataCache: FDerivedDataBackendGraph:  EnterprisePak pak cache file ../../../Enterprise/DerivedDataCache/Compressed.ddp not found, will not use a pak cache.
[2019.06.04-23.04.09:152][  0]LogDerivedDataCache: Unable to find inner node EnterprisePak for hierarchical cache Hierarchy.
[2019.06.04-23.04.09:165][  0]LogDerivedDataCache: Using Local data cache path C:/Users/pcjoe/AppData/Local/UnrealEngine/Common/DerivedDataCache: Writable
[2019.06.04-23.04.09:165][  0]LogDerivedDataCache: Shared data cache path not found in *engine.ini, will not use an Shared cache.
[2019.06.04-23.04.09:165][  0]LogDerivedDataCache: Unable to find inner node Shared for hierarchical cache Hierarchy.
[2019.06.04-23.04.09:195][  0]LogMaterial: Verifying Global Shaders for PCD3D_SM5
[2019.06.04-23.04.09:203][  0]LogSlate: Using FreeType 2.6.0
[2019.06.04-23.04.09:219][  0]LogSlate: SlateFontServices - WITH_FREETYPE: 1, WITH_HARFBUZZ: 1
[2019.06.04-23.04.09:517][  0]LogAssetRegistry: FAssetRegistry took 0.0378 seconds to start up
[2019.06.04-23.04.10:198][  0]LogInit: Selected Device Profile: [Windows]
[2019.06.04-23.04.10:614][  0]LogSimplygon: Simplygon DLL not present - disabling.
[2019.06.04-23.04.10:635][  0]LogMeshReduction: Using SimplygonSwarm for distributed automatic mesh merging
[2019.06.04-23.04.10:635][  0]LogMeshReduction: Using ProxyLODMeshReduction for automatic mesh merging
[2019.06.04-23.04.10:636][  0]LogMeshReduction: Using QuadricMeshReduction for automatic static mesh reduction
[2019.06.04-23.04.10:636][  0]LogMeshReduction: No automatic skeletal mesh reduction module available
[2019.06.04-23.04.10:702][  0]LogNetVersion: AssetPipeline2019 1.0.0, NetCL: 4541578, EngineNetVer: 5, GameNetVer: 0 (Checksum: 2814631289)
[2019.06.04-23.04.12:440][  0]LogPackageLocalizationCache: Processed 11 localized package path(s) for 2 prioritized culture(s) in 0.155380 seconds
[2019.06.04-23.04.12:448][  0]LogUObjectArray: 39775 objects as part of root set at end of initial load.
[2019.06.04-23.04.12:448][  0]LogUObjectAllocator: 6914656 out of 0 bytes used by permanent object pool.
[2019.06.04-23.04.12:448][  0]LogUObjectArray: CloseDisregardForGC: 0/0 objects in disregard for GC pool
[2019.06.04-23.04.15:803][  0]LogTcpMessaging: Initializing TcpMessaging bridge
[2019.06.04-23.04.15:820][  0]LogUdpMessaging: Initializing bridge on interface 0.0.0.0:0 to multicast group 230.0.0.1:6666.
[2019.06.04-23.04.16:826][  0]SourceControl: Source control is disabled
[2019.06.04-23.04.16:827][  0]SourceControl: Source control is disabled
[2019.06.04-23.04.16:838][  0]SourceControl: Source control is disabled
[2019.06.04-23.04.16:842][  0]SourceControl: Source control is disabled
[2019.06.04-23.04.17:247][  0]LogAndroidPermission: UAndroidPermissionCallbackProxy::GetInstance
[2019.06.04-23.04.17:377][  0]LogOcInput: OculusInput pre-init called
[2019.06.04-23.04.17:730][  0]LogEngine: Initializing Engine...
[2019.06.04-23.04.17:736][  0]LogHMD: Failed to initialize OpenVR with code 110
[2019.06.04-23.04.17:740][  0]LogStats: UGameplayTagsManager::ConstructGameplayTagTree: ImportINI prefixes -  0.000 s
[2019.06.04-23.04.17:740][  0]LogStats: UGameplayTagsManager::ConstructGameplayTagTree: Construct from data asset -  0.000 s
[2019.06.04-23.04.17:740][  0]LogStats: UGameplayTagsManager::ConstructGameplayTagTree: ImportINI -  0.000 s
[2019.06.04-23.04.17:740][  0]LogStats: UGameplayTagsManager::ConstructGameplayTagTree: GameplayTagTreeChangedEvent.Broadcast -  0.000 s
[2019.06.04-23.04.18:287][  0]LogInit: Initializing FReadOnlyCVARCache
[2019.06.04-23.04.18:468][  0]LogAIModule: Creating AISystem for world Untitled
[2019.06.04-23.04.18:909][  0]LogInit: XAudio2 using 'Speakers (3- Bose USB Audio)' : 6 channels at 48 kHz using 16 bits per sample (channel mask 0x60f)
[2019.06.04-23.04.19:202][  0]LogInit: FAudioDevice initialized.
[2019.06.04-23.04.19:232][  0]LogNetVersion: Set ProjectVersion to 1.0.0.0. Version Checksum will be recalculated on next use.
[2019.06.04-23.04.19:557][  0]LogDerivedDataCache: Saved boot cache 0.31s 86MB C:/Users/pcjoe/AppData/Local/UnrealEngine/4.21/DerivedDataCache/Boot.ddc.
[2019.06.04-23.04.19:587][  0]LogInit: Texture streaming: Enabled
[2019.06.04-23.04.19:708][  0]LogEngineSessionManager: EngineSessionManager initialized
[2019.06.04-23.04.19:819][  0]LogInit: Transaction tracking system initialized
[2019.06.04-23.04.20:426][  0]BlueprintLog: New page: Editor Load
[2019.06.04-23.04.21:011][  0]LocalizationService: Localization service is disabled
[2019.06.04-23.04.22:136][  0]LogFileCache: Scanning file cache for directory 'C:/Users/pcjoe/Documents/GitHub/Asset-Pipeline-Summer19/AssetPipeline2019/Content/' took 0.02s
[2019.06.04-23.04.22:136][  0]LogCook: Display: Max memory allowance for cook 16384mb min free memory 0mb
[2019.06.04-23.04.22:137][  0]LogCook: Display: Mobile HDR setting 1
[2019.06.04-23.04.22:138][  0]LogGameplayTags: Display: UGameplayTagsManager::DoneAddingNativeTags. DelegateIsBound: 0
[2019.06.04-23.04.22:140][  0]LogStats: UGameplayTagsManager::ConstructGameplayTagTree: ImportINI prefixes -  0.000 s
[2019.06.04-23.04.22:140][  0]LogStats: UGameplayTagsManager::ConstructGameplayTagTree: Construct from data asset -  0.000 s
[2019.06.04-23.04.22:141][  0]LogStats: UGameplayTagsManager::ConstructGameplayTagTree: ImportINI -  0.000 s
[2019.06.04-23.04.22:141][  0]LogStats: UGameplayTagsManager::ConstructGameplayTagTree: GameplayTagTreeChangedEvent.Broadcast -  0.000 s
[2019.06.04-23.04.22:541][  0]SourceControl: Source control is disabled
[2019.06.04-23.04.22:543][  0]Cmd: MAP LOAD FILE="../../../Engine/Content/Maps/Templates/Template_Default.umap" TEMPLATE=1 SHOWPROGRESS=1 FEATURELEVEL=3
[2019.06.04-23.04.22:549][  0]LightingResults: New page: Lighting Build
[2019.06.04-23.04.22:567][  0]MapCheck: New page: Map Check
[2019.06.04-23.04.22:567][  0]LightingResults: New page: Lighting Build
[2019.06.04-23.04.22:947][  0]LogAIModule: Creating AISystem for world Untitled_1
[2019.06.04-23.04.22:986][  0]LogEditorServer: Finished looking for orphan Actors (0.000 secs)
[2019.06.04-23.04.23:021][  0]Cmd: MAP CHECKDEP NOCLEARLOG
[2019.06.04-23.04.23:022][  0]MapCheck: Map check complete: 0 Error(s), 0 Warning(s), took 0.164ms to complete.
[2019.06.04-23.04.23:022][  0]LogFileHelpers: Loading map 'Template_Default' took 0.479
[2019.06.04-23.04.23:261][  0]LogSlate: Updating window title bar state: overlay mode, drag disabled, window buttons hidden, title bar hidden
[2019.06.04-23.04.23:272][  0]LogSlate: Updating window title bar state: overlay mode, drag disabled, window buttons hidden, title bar hidden
[2019.06.04-23.04.23:284][  0]LogSlate: Updating window title bar state: overlay mode, drag disabled, window buttons hidden, title bar hidden
[2019.06.04-23.04.23:294][  0]LogSlate: Updating window title bar state: overlay mode, drag disabled, window buttons hidden, title bar hidden
[2019.06.04-23.04.23:316][  0]LogCollectionManager: Loaded 0 collections in 0.002300 seconds
[2019.06.04-23.04.23:369][  0]LogFileCache: Scanning file cache for directory 'C:/Users/pcjoe/Documents/GitHub/Asset-Pipeline-Summer19/AssetPipeline2019/Saved/Collections/' took 0.01s
[2019.06.04-23.04.23:369][  0]LogFileCache: Scanning file cache for directory 'C:/Users/pcjoe/Documents/GitHub/Asset-Pipeline-Summer19/AssetPipeline2019/Content/Developers/pcjoe/Collections/' took 0.01s
[2019.06.04-23.04.23:369][  0]LogFileCache: Scanning file cache for directory 'C:/Users/pcjoe/Documents/GitHub/Asset-Pipeline-Summer19/AssetPipeline2019/Content/Collections/' took 0.00s
[2019.06.04-23.04.23:369][  0]LogCollectionManager: Rebuilt the GUID cache for 0 collections in 0.000000 seconds
[2019.06.04-23.04.23:397][  0]LogContentBrowser: Native class hierarchy populated in 0.0255 seconds. Added 2651 classes and 620 folders.
[2019.06.04-23.04.23:420][  0]LogContentBrowser: Native class hierarchy updated for 'WidgetCarousel' in 0.0003 seconds. Added 0 classes and 0 folders.
[2019.06.04-23.04.23:434][  0]LogPakFile: Registered encryption key '00000000000000000000000000000000': 0 pak files mounted, 0 remain pending
[2019.06.04-23.04.23:442][  0]LogPakFile: Registered encryption key '00000000000000000000000000000000': 0 pak files mounted, 0 remain pending
[2019.06.04-23.04.23:461][  0]LogPakFile: Registered encryption key '00000000000000000000000000000000': 0 pak files mounted, 0 remain pending
[2019.06.04-23.04.23:468][  0]LogPakFile: Registered encryption key '00000000000000000000000000000000': 0 pak files mounted, 0 remain pending
[2019.06.04-23.04.23:474][  0]LogPakFile: Registered encryption key '00000000000000000000000000000000': 0 pak files mounted, 0 remain pending
[2019.06.04-23.04.23:480][  0]LogPakFile: Registered encryption key '00000000000000000000000000000000': 0 pak files mounted, 0 remain pending
[2019.06.04-23.04.23:485][  0]LogPakFile: Registered encryption key '00000000000000000000000000000000': 0 pak files mounted, 0 remain pending
[2019.06.04-23.04.23:491][  0]LogPakFile: Registered encryption key '00000000000000000000000000000000': 0 pak files mounted, 0 remain pending
[2019.06.04-23.04.23:497][  0]LogPakFile: Registered encryption key '00000000000000000000000000000000': 0 pak files mounted, 0 remain pending
[2019.06.04-23.04.23:505][  0]LogPakFile: Registered encryption key '00000000000000000000000000000000': 0 pak files mounted, 0 remain pending
[2019.06.04-23.04.23:510][  0]LogPakFile: Registered encryption key '00000000000000000000000000000000': 0 pak files mounted, 0 remain pending
[2019.06.04-23.04.23:516][  0]LogPakFile: Registered encryption key '00000000000000000000000000000000': 0 pak files mounted, 0 remain pending
[2019.06.04-23.04.23:524][  0]LogPakFile: Registered encryption key '00000000000000000000000000000000': 0 pak files mounted, 0 remain pending
[2019.06.04-23.04.23:531][  0]LogPakFile: Registered encryption key '00000000000000000000000000000000': 0 pak files mounted, 0 remain pending
[2019.06.04-23.04.23:536][  0]LogPakFile: Registered encryption key '00000000000000000000000000000000': 0 pak files mounted, 0 remain pending
[2019.06.04-23.04.23:542][  0]LogPakFile: Registered encryption key '00000000000000000000000000000000': 0 pak files mounted, 0 remain pending
[2019.06.04-23.04.23:564][  0]LogPakFile: Registered encryption key '00000000000000000000000000000000': 0 pak files mounted, 0 remain pending
[2019.06.04-23.04.23:569][  0]LogPakFile: Registered encryption key '00000000000000000000000000000000': 0 pak files mounted, 0 remain pending
[2019.06.04-23.04.23:574][  0]LogPakFile: Registered encryption key '00000000000000000000000000000000': 0 pak files mounted, 0 remain pending
[2019.06.04-23.04.23:580][  0]LogPakFile: Registered encryption key '00000000000000000000000000000000': 0 pak files mounted, 0 remain pending
[2019.06.04-23.04.23:606][  0]LogPakFile: Registered encryption key '00000000000000000000000000000000': 0 pak files mounted, 0 remain pending
[2019.06.04-23.04.23:611][  0]LogPakFile: Registered encryption key '00000000000000000000000000000000': 0 pak files mounted, 0 remain pending
[2019.06.04-23.04.23:616][  0]LogPakFile: Registered encryption key '00000000000000000000000000000000': 0 pak files mounted, 0 remain pending
[2019.06.04-23.04.23:623][  0]LogPakFile: Registered encryption key '00000000000000000000000000000000': 0 pak files mounted, 0 remain pending
[2019.06.04-23.04.23:628][  0]LogPakFile: Registered encryption key '00000000000000000000000000000000': 0 pak files mounted, 0 remain pending
[2019.06.04-23.04.23:634][  0]LogPakFile: Registered encryption key '00000000000000000000000000000000': 0 pak files mounted, 0 remain pending
[2019.06.04-23.04.23:810][  0]LogContentBrowser: Native class hierarchy updated for 'AddContentDialog' in 0.0003 seconds. Added 0 classes and 0 folders.
[2019.06.04-23.04.23:822][  0]LogContentBrowser: Native class hierarchy updated for 'SceneOutliner' in 0.0003 seconds. Added 1 classes and 2 folders.
[2019.06.04-23.04.23:924][  0]LogSlate: Took 0.013123 seconds to synchronously load lazily loaded font '../../../Engine/Content/Slate/Fonts/Roboto-Regular.ttf' (155K)
[2019.06.04-23.04.23:932][  0]LogSlate: Took 0.005541 seconds to synchronously load lazily loaded font '../../../Engine/Content/Slate/Fonts/Roboto-Bold.ttf' (160K)
[2019.06.04-23.04.23:947][  0]LogSlate: Took 0.007291 seconds to synchronously load lazily loaded font '../../../Engine/Content/Editor/Slate/Fonts/FontAwesome.ttf' (139K)
[2019.06.04-23.04.24:127][  0]LogRenderer: Reallocating scene render targets to support 1208x576 Format 10 NumSamples 1 (Frame:1).
[2019.06.04-23.04.24:379][  0]LogSlate: FSceneViewport::OnFocusLost() reason 2
[2019.06.04-23.04.24:425][  0]LogSlate: Window 'Tutorials' being destroyed
[2019.06.04-23.04.24:463][  0]LogContentBrowser: Native class hierarchy updated for 'HierarchicalLODOutliner' in 0.0005 seconds. Added 0 classes and 0 folders.
[2019.06.04-23.04.24:464][  0]LogLoad: (Engine Initialization) Total time: 28.06 seconds
[2019.06.04-23.04.24:464][  0]LogLoad: (Engine Initialization) Total Blueprint compile time: 0.00 seconds
[2019.06.04-23.04.24:484][  0]LogWindowsTextInputMethodSystem: Display: IME system now deactivated.
[2019.06.04-23.04.24:576][  0]LogContentStreaming: Texture pool size now 1000 MB
[2019.06.04-23.04.24:711][  2]LogAssetRegistry: Asset discovery search completed in 15.2176 seconds
[2019.06.04-23.04.24:714][  2]LogCollectionManager: Rebuilt the object cache for 0 collections in 0.000000 seconds (found 0 objects)
[2019.06.04-23.04.24:715][  2]LogCollectionManager: Fixed up redirectors for 0 collections in 0.000479 seconds (updated 0 objects)
[2019.06.04-23.04.25:499][ 68]LogSlate: Took 0.005595 seconds to synchronously load lazily loaded font '../../../Engine/Content/Slate/Fonts/Roboto-Light.ttf' (167K)
[2019.06.04-23.04.27:970][354]LogSlate: FSceneViewport::OnFocusLost() reason 0
[2019.06.04-23.04.28:075][365]LogSlate: Took 0.000173 seconds to synchronously load lazily loaded font '../../../Engine/Content/Slate/Fonts/Roboto-Light.ttf' (167K)
[2019.06.04-23.04.32:413][864]LogStaticMesh: Building static mesh test-block...
[2019.06.04-23.04.32:424][864]LogStaticMesh: Built static mesh [0.01s] /Game/Models/test-block.test-block
[2019.06.04-23.04.32:433][864]LogAIModule: Creating AISystem for world MaterialTesting
[2019.06.04-23.04.32:441][864]LogAssetEditorManager: Opening Asset editor for World /Game/Scenes/MaterialTesting.MaterialTesting
[2019.06.04-23.04.32:470][864]Cmd: MAP LOAD FILE="../../../../../../Users/pcjoe/Documents/GitHub/Asset-Pipeline-Summer19/AssetPipeline2019/Content/Scenes/MaterialTesting.umap" TEMPLATE=0 SHOWPROGRESS=1 FEATURELEVEL=3
[2019.06.04-23.04.32:470][864]LightingResults: New page: Lighting Build
[2019.06.04-23.04.32:470][864]LoadErrors: New page: Loading map: MaterialTesting.umap
[2019.06.04-23.04.32:473][864]MapCheck: New page: Map Check
[2019.06.04-23.04.32:473][864]LightingResults: New page: Lighting Build
[2019.06.04-23.04.32:503][864]LogEditorServer: Finished looking for orphan Actors (0.000 secs)
[2019.06.04-23.04.32:546][864]Cmd: MAP CHECKDEP NOCLEARLOG
[2019.06.04-23.04.32:546][864]MapCheck: Map check complete: 0 Error(s), 0 Warning(s), took 0.144ms to complete.
[2019.06.04-23.04.32:547][864]LogFileHelpers: Loading map 'MaterialTesting' took 0.081
[2019.06.04-23.04.35:265][144]LogAIModule: Creating AISystem for world BlocksWithMaterials
[2019.06.04-23.04.35:270][144]LogAssetEditorManager: Opening Asset editor for World /Game/Scenes/BlocksWithMaterials.BlocksWithMaterials
[2019.06.04-23.04.35:290][144]Cmd: MAP LOAD FILE="../../../../../../Users/pcjoe/Documents/GitHub/Asset-Pipeline-Summer19/AssetPipeline2019/Content/Scenes/BlocksWithMaterials.umap" TEMPLATE=0 SHOWPROGRESS=1 FEATURELEVEL=3
[2019.06.04-23.04.35:290][144]LightingResults: New page: Lighting Build
[2019.06.04-23.04.35:291][144]LoadErrors: New page: Loading map: BlocksWithMaterials.umap
[2019.06.04-23.04.35:291][144]MapCheck: New page: Map Check
[2019.06.04-23.04.35:291][144]LightingResults: New page: Lighting Build
[2019.06.04-23.04.35:312][144]LogEditorServer: Finished looking for orphan Actors (0.000 secs)
[2019.06.04-23.04.35:355][144]Cmd: MAP CHECKDEP NOCLEARLOG
[2019.06.04-23.04.35:355][144]MapCheck: Map check complete: 0 Error(s), 0 Warning(s), took 0.132ms to complete.
[2019.06.04-23.04.35:355][144]LogFileHelpers: Loading map 'BlocksWithMaterials' took 0.066
[2019.06.04-23.04.53:477][309]LogEditorViewport: Clicking on Actor (LMB): StaticMeshActor (windmill-base)
[2019.06.04-23.04.56:371][569]LogSlate: FSceneViewport::OnFocusLost() reason 0
[2019.06.04-23.05.13:793][465]LogSlate: Took 0.005625 seconds to synchronously load lazily loaded font '../../../Engine/Content/Slate/Fonts/Roboto-Italic.ttf' (157K)
[2019.06.04-23.11.53:755][102]LogAssetEditorManager: Opening Asset editor for Material /Game/Materials/mm_windmill_top.mm_windmill_top
[2019.06.04-23.11.53:768][102]LogMaterial: Display: Missing cached shader map for material mm_windmill_top, compiling. 
[2019.06.04-23.11.54:312][102]LogMaterial: Display: Missing cached shader map for material mm_windmill_top, compiling. 
[2019.06.04-23.11.54:333][102]LogMaterial: Display: Missing cached shader map for material mm_windmill_top, compiling. 
[2019.06.04-23.11.54:364][102]LogShaderCompilers: Display: Shaders left to compile 21
[2019.06.04-23.11.54:364][102]LogShaderCompilers: Display: Shaders left to compile 20
[2019.06.04-23.11.54:364][102]LogShaderCompilers: Display: Shaders left to compile 19
[2019.06.04-23.11.54:364][102]LogShaderCompilers: Display: Shaders left to compile 18
[2019.06.04-23.11.54:394][102]LogMaterial: Display: Missing cached shader map for material FMatExpressionPreview MaterialExpressionTextureSampleParameter2D_1, compiling. 
[2019.06.04-23.11.54:410][102]LogMaterial: Display: Missing cached shader map for material FMatExpressionPreview MaterialExpressionTextureSampleParameter2D_0, compiling. 
[2019.06.04-23.11.54:424][102]LogMaterial: Display: Missing cached shader map for material FMatExpressionPreview MaterialExpressionVectorParameter_0, compiling. 
[2019.06.04-23.11.54:436][102]LogMaterial: Display: Missing cached shader map for material FMatExpressionPreview MaterialExpressionTextureCoordinate_0, compiling. 
[2019.06.04-23.11.54:492][102]LogSlate: Took 0.005985 seconds to synchronously load lazily loaded font '../../../Engine/Content/Slate/Fonts/Roboto-BoldCondensed.ttf' (158K)
[2019.06.04-23.11.55:246][156]LogShaderCompilers: Display: Shaders left to compile 25
[2019.06.04-23.11.55:291][161]LogShaderCompilers: Display: Shaders left to compile 24
[2019.06.04-23.11.55:306][163]LogShaderCompilers: Display: Shaders left to compile 23
[2019.06.04-23.11.55:325][165]LogShaderCompilers: Display: Shaders left to compile 22
[2019.06.04-23.11.55:482][181]LogShaderCompilers: Display: Shaders left to compile 21
[2019.06.04-23.11.55:521][185]LogShaderCompilers: Display: Shaders left to compile 20
[2019.06.04-23.11.55:539][187]LogShaderCompilers: Display: Shaders left to compile 19
[2019.06.04-23.11.55:539][187]LogShaderCompilers: Display: Shaders left to compile 18
[2019.06.04-23.11.55:675][200]LogShaderCompilers: Display: Shaders left to compile 17
[2019.06.04-23.11.55:818][214]LogShaderCompilers: Display: Shaders left to compile 16
[2019.06.04-23.11.56:055][236]LogShaderCompilers: Display: Shaders left to compile 15
[2019.06.04-23.11.56:117][241]LogShaderCompilers: Display: Shaders left to compile 14
[2019.06.04-23.11.56:173][245]LogShaderCompilers: Display: Shaders left to compile 13
[2019.06.04-23.11.56:361][264]LogShaderCompilers: Display: Shaders left to compile 12
[2019.06.04-23.11.56:394][267]LogShaderCompilers: Display: Shaders left to compile 11
[2019.06.04-23.11.56:660][288]LogShaderCompilers: Display: Shaders left to compile 10
[2019.06.04-23.11.56:680][290]LogShaderCompilers: Display: Shaders left to compile 9
[2019.06.04-23.11.56:778][298]LogShaderCompilers: Display: Shaders left to compile 8
[2019.06.04-23.11.56:839][304]LogShaderCompilers: Display: Shaders left to compile 7
[2019.06.04-23.11.56:959][315]LogShaderCompilers: Display: Shaders left to compile 6
[2019.06.04-23.11.57:141][328]LogShaderCompilers: Display: Shaders left to compile 5
[2019.06.04-23.11.57:141][328]LogShaderCompilers: Display: Shaders left to compile 4
[2019.06.04-23.11.57:156][329]LogShaderCompilers: Display: Shaders left to compile 3
[2019.06.04-23.11.57:158][329]MaterialEditorStats: Base pass shader: 113 instructions
[2019.06.04-23.11.57:158][329]MaterialEditorStats: Base pass shader with Volumetric Lightmap: 187 instructions
[2019.06.04-23.11.57:158][329]MaterialEditorStats: Base pass vertex shader: 36 instructions
[2019.06.04-23.11.57:158][329]MaterialEditorStats: Texture samplers: 5/16
[2019.06.04-23.11.57:158][329]MaterialEditorStats: Texture Lookups (Est.): VS(0), PS(2)
[2019.06.04-23.11.57:158][329]MaterialEditorStats: User interpolators: 2/4 Scalars (1/4 Vectors) (TexCoords: 2, Custom: 0)
[2019.06.04-23.11.57:298][341]LogShaderCompilers: Display: Shaders left to compile 2
[2019.06.04-23.11.57:344][345]LogShaderCompilers: Display: Shaders left to compile 1
[2019.06.04-23.17.17:504][145]LogSlate: Window 'Message' being destroyed
[2019.06.04-23.19.21:723][410]LogSlate: Window 'Message' being destroyed
[2019.06.04-23.19.46:974][280]LogSlate: Window 'Message' being destroyed
